[debug] [2022-04-07T15:45:59.782Z] ----------------------------------------------------------------------
[debug] [2022-04-07T15:45:59.784Z] Command:       C:\Program Files\nodejs\node.exe C:\Users\USER\AppData\Roaming\npm\node_modules\firebase-tools\lib\bin\firebase.js deploy
[debug] [2022-04-07T15:45:59.785Z] CLI Version:   10.0.1
[debug] [2022-04-07T15:45:59.785Z] Platform:      win32
[debug] [2022-04-07T15:45:59.785Z] Node Version:  v16.5.0
[debug] [2022-04-07T15:45:59.791Z] Time:          Thu Apr 07 2022 21:45:59 GMT+0600 (Bangladesh Standard Time)
[debug] [2022-04-07T15:45:59.792Z] ----------------------------------------------------------------------
[debug] 
[debug] [2022-04-07T15:45:59.891Z] > command requires scopes: ["email","openid","https://www.googleapis.com/auth/cloudplatformprojects.readonly","https://www.googleapis.com/auth/firebase","https://www.googleapis.com/auth/cloud-platform"]
[debug] [2022-04-07T15:45:59.891Z] > authorizing via signed-in user (studentsabbir9944@gmail.com)
[debug] [2022-04-07T15:45:59.892Z] [iam] checking project project-pi-b18db for permissions ["firebase.projects.get","firebasehosting.sites.update"]
[debug] [2022-04-07T15:45:59.895Z] > refreshing access token with scopes: ["email","https://www.googleapis.com/auth/cloud-platform","https://www.googleapis.com/auth/cloudplatformprojects.readonly","https://www.googleapis.com/auth/firebase","openid"]
[debug] [2022-04-07T15:45:59.896Z] >>> HTTP REQUEST POST https://www.googleapis.com/oauth2/v3/token  
 <request body omitted>
[debug] [2022-04-07T15:46:24.323Z] <<< HTTP RESPONSE 200 {"expires":"Mon, 01 Jan 1990 00:00:00 GMT","cache-control":"no-cache, no-store, max-age=0, must-revalidate","pragma":"no-cache","date":"Thu, 07 Apr 2022 15:46:18 GMT","content-type":"application/json; charset=utf-8","vary":"X-Origin, Referer, Origin,Accept-Encoding","server":"scaffolding on HTTPServer2","x-xss-protection":"0","x-frame-options":"SAMEORIGIN","x-content-type-options":"nosniff","alt-svc":"h3=\":443\"; ma=2592000,h3-29=\":443\"; ma=2592000,h3-Q050=\":443\"; ma=2592000,h3-Q046=\":443\"; ma=2592000,h3-Q043=\":443\"; ma=2592000,quic=\":443\"; ma=2592000; v=\"46,43\"","accept-ranges":"none","transfer-encoding":"chunked"}
[debug] [2022-04-07T15:46:24.348Z] >>> HTTP REQUEST POST https://cloudresourcemanager.googleapis.com/v1/projects/project-pi-b18db:testIamPermissions  
 {"permissions":["firebase.projects.get","firebasehosting.sites.update"]}
[debug] [2022-04-07T15:46:43.200Z] <<< HTTP RESPONSE 200 {"content-type":"application/json; charset=UTF-8","vary":"X-Origin, Referer, Origin,Accept-Encoding","date":"Thu, 07 Apr 2022 15:46:40 GMT","server":"ESF","cache-control":"private","x-xss-protection":"0","x-frame-options":"SAMEORIGIN","x-content-type-options":"nosniff","server-timing":"gfet4t7; dur=1172","alt-svc":"h3=\":443\"; ma=2592000,h3-29=\":443\"; ma=2592000,h3-Q050=\":443\"; ma=2592000,h3-Q046=\":443\"; ma=2592000,h3-Q043=\":443\"; ma=2592000,quic=\":443\"; ma=2592000; v=\"46,43\"","accept-ranges":"none","transfer-encoding":"chunked"}
[debug] [2022-04-07T15:46:43.203Z] > refreshing access token with scopes: []
[debug] [2022-04-07T15:46:43.203Z] >>> HTTP REQUEST POST https://www.googleapis.com/oauth2/v3/token  
 <request body omitted>
[debug] [2022-04-07T15:46:47.398Z] <<< HTTP RESPONSE 200 {"cache-control":"no-cache, no-store, max-age=0, must-revalidate","expires":"Mon, 01 Jan 1990 00:00:00 GMT","pragma":"no-cache","date":"Thu, 07 Apr 2022 15:46:44 GMT","content-type":"application/json; charset=utf-8","vary":"X-Origin, Referer, Origin,Accept-Encoding","server":"scaffolding on HTTPServer2","x-xss-protection":"0","x-frame-options":"SAMEORIGIN","x-content-type-options":"nosniff","alt-svc":"h3=\":443\"; ma=2592000,h3-29=\":443\"; ma=2592000,h3-Q050=\":443\"; ma=2592000,h3-Q046=\":443\"; ma=2592000,h3-Q043=\":443\"; ma=2592000,quic=\":443\"; ma=2592000; v=\"46,43\"","accept-ranges":"none","transfer-encoding":"chunked"}
[debug] [2022-04-07T15:46:47.420Z] >>> [apiv2][query] GET https://firebase.googleapis.com/v1beta1/projects/project-pi-b18db [none]
[debug] [2022-04-07T15:47:17.433Z] Timeout reached making request to https://firebase.googleapis.com/v1beta1/projects/project-pi-b18db
[debug] [2022-04-07T15:47:25.788Z] FirebaseError: Timeout reached making request to https://firebase.googleapis.com/v1beta1/projects/project-pi-b18db
    at Client.doRequest (C:\Users\USER\AppData\Roaming\npm\node_modules\firebase-tools\lib\apiv2.js:211:23)
    at processTicksAndRejections (node:internal/process/task_queues:96:5)
    at async Client.request (C:\Users\USER\AppData\Roaming\npm\node_modules\firebase-tools\lib\apiv2.js:96:20)
    at async Object.getFirebaseProject (C:\Users\USER\AppData\Roaming\npm\node_modules\firebase-tools\lib\management\projects.js:290:21)
    at async Object.getDefaultHostingSite (C:\Users\USER\AppData\Roaming\npm\node_modules\firebase-tools\lib\getDefaultHostingSite.js:8:21)
    at async requireHostingSite (C:\Users\USER\AppData\Roaming\npm\node_modules\firebase-tools\lib\requireHostingSite.js:9:18)
    at async Object.fn (C:\Users\USER\AppData\Roaming\npm\node_modules\firebase-tools\lib\commands\deploy.js:73:9)
    at async C:\Users\USER\AppData\Roaming\npm\node_modules\firebase-tools\lib\command.js:188:17
[error] 
[error] Error: Failed to get Firebase project project-pi-b18db. Please make sure the project exists and your account has permission to access it.
